e:\projects\directx11\hexmap\hexmap\debug\hexmap.pch
e:\projects\directx11\hexmap\hexmap\debug\vc141.pdb
e:\projects\directx11\hexmap\hexmap\debug\vc141.idb
e:\projects\directx11\hexmap\hexmap\debug\stdafx.obj
e:\projects\directx11\hexmap\hexmap\debug\timerwin32.obj
e:\projects\directx11\hexmap\hexmap\debug\timer.obj
e:\projects\directx11\hexmap\hexmap\debug\renderd3d11.obj
e:\projects\directx11\hexmap\hexmap\debug\main.obj
e:\projects\directx11\hexmap\hexmap\debug\geometrygenerator.obj
e:\projects\directx11\hexmap\hexmap\debug\applicationd3d11.obj
e:\projects\directx11\hexmap\hexmap\debug\applicationbase.obj
e:\projects\directx11\hexmap\debug\hexmap.exe
e:\projects\directx11\hexmap\debug\hexmap.ilk
e:\projects\directx11\hexmap\debug\hexmap.pdb
e:\projects\directx11\hexmap\hexmap\debug\hexmap.res
e:\projects\directx11\hexmap\hexmap\debug\hexmap.tlog\cl.command.1.tlog
e:\projects\directx11\hexmap\hexmap\debug\hexmap.tlog\cl.read.1.tlog
e:\projects\directx11\hexmap\hexmap\debug\hexmap.tlog\cl.write.1.tlog
e:\projects\directx11\hexmap\hexmap\debug\hexmap.tlog\fxc.command.1.tlog
e:\projects\directx11\hexmap\hexmap\debug\hexmap.tlog\fxc.read.1.tlog
e:\projects\directx11\hexmap\hexmap\debug\hexmap.tlog\link.command.1.tlog
e:\projects\directx11\hexmap\hexmap\debug\hexmap.tlog\link.read.1.tlog
e:\projects\directx11\hexmap\hexmap\debug\hexmap.tlog\link.write.1.tlog
e:\projects\directx11\hexmap\hexmap\debug\hexmap.tlog\rc.command.1.tlog
e:\projects\directx11\hexmap\hexmap\debug\hexmap.tlog\rc.read.1.tlog
e:\projects\directx11\hexmap\hexmap\debug\hexmap.tlog\rc.write.1.tlog
